Using pre-set license
Built from '2021.1/staging' branch; Version is '2021.1.3f1 (4bef613afd59) revision 4976481'; Using compiler version '192528614'; Build Type 'Release'
OS: 'Windows 10 Pro; OS build 19042.928; Version 2009; 64bit' Language: 'fr' Physical Memory: 24527 MB
BatchMode: 1, IsHumanControllingUs: 0, StartBugReporterOnCrash: 0, Is64bit: 1, IsPro: 0

 COMMAND LINE ARGUMENTS:
C:\Program Files\Unity\Hub\Editor\2021.1.3f1\Editor\Unity.exe
-adb2
-batchMode
-noUpm
-name
AssetImportWorker0
-projectPath
E:/travaux/unity/deeper and deeper
-logFile
Logs/AssetImportWorker0.log
-srvPort
51579
Successfully changed project path to: E:/travaux/unity/deeper and deeper
E:/travaux/unity/deeper and deeper
Using Asset Import Pipeline V2.
Refreshing native plugins compatible for Editor in 426.59 ms, found 2 plugins.
Preloading 0 native plugins for Editor in 0.00 ms.
Initialize engine version: 2021.1.3f1 (4bef613afd59)
[Subsystems] Discovering subsystems at path C:/Program Files/Unity/Hub/Editor/2021.1.3f1/Editor/Data/Resources/UnitySubsystems
[Subsystems] Discovering subsystems at path E:/travaux/unity/deeper and deeper/Assets
GfxDevice: creating device client; threaded=0; jobified=0
Direct3D:
    Version:  Direct3D 11.0 [level 11.1]
    Renderer: NVIDIA GeForce GTX 970 (ID=0x13c2)
    Vendor:   NVIDIA
    VRAM:     4043 MB
    Driver:   27.21.14.5671
Shader 'Universal Render Pipeline/Particles/Lit': fallback shader 'Universal Render Pipeline/Particles/SimpleLit' not found
Initialize mono
Mono path[0] = 'C:/Program Files/Unity/Hub/Editor/2021.1.3f1/Editor/Data/Managed'
Mono path[1] = 'C:/Program Files/Unity/Hub/Editor/2021.1.3f1/Editor/Data/MonoBleedingEdge/lib/mono/unityjit'
Mono config path = 'C:/Program Files/Unity/Hub/Editor/2021.1.3f1/Editor/Data/MonoBleedingEdge/etc'
Using monoOptions --debugger-agent=transport=dt_socket,embedding=1,server=y,suspend=n,address=127.0.0.1:56412
Begin MonoManager ReloadAssembly
Registering precompiled unity dll's ...
Register platform support module: C:/Program Files/Unity/Hub/Editor/2021.1.3f1/Editor/Data/PlaybackEngines/WebGLSupport/UnityEditor.WebGL.Extensions.dll
Register platform support module: C:/Program Files/Unity/Hub/Editor/2021.1.3f1/Editor/Data/PlaybackEngines/MacStandaloneSupport/UnityEditor.OSXStandalone.Extensions.dll
Register platform support module: C:/Program Files/Unity/Hub/Editor/2021.1.3f1/Editor/Data/PlaybackEngines/WindowsStandaloneSupport/UnityEditor.WindowsStandalone.Extensions.dll
Register platform support module: C:/Program Files/Unity/Hub/Editor/2021.1.3f1/Editor/Data/PlaybackEngines/LinuxStandaloneSupport/UnityEditor.LinuxStandalone.Extensions.dll
Registered in 0.004578 seconds.
Native extension for LinuxStandalone target not found
Native extension for WindowsStandalone target not found
Native extension for OSXStandalone target not found
Native extension for WebGL target not found
Refreshing native plugins compatible for Editor in 205.23 ms, found 2 plugins.
Preloading 0 native plugins for Editor in 0.00 ms.
Mono: successfully reloaded assembly
- Completed reload, in  1.762 seconds
Platform modules already initialized, skipping
Registering precompiled user dll's ...
Registered in 0.006151 seconds.
Begin MonoManager ReloadAssembly
Native extension for LinuxStandalone target not found
Native extension for WindowsStandalone target not found
Native extension for OSXStandalone target not found
Native extension for WebGL target not found
Refreshing native plugins compatible for Editor in 204.70 ms, found 2 plugins.
Preloading 0 native plugins for Editor in 0.00 ms.
Mono: successfully reloaded assembly
- Completed reload, in  2.382 seconds
Platform modules already initialized, skipping
========================================================================
Worker process is ready to serve import requests
Shader 'Universal Render Pipeline/Particles/Lit': fallback shader 'Universal Render Pipeline/Particles/SimpleLit' not found
Launched and connected shader compiler UnityShaderCompiler.exe after 0.04 seconds
Refreshing native plugins compatible for Editor in 1.19 ms, found 2 plugins.
Preloading 0 native plugins for Editor in 0.00 ms.
Unloading 5813 Unused Serialized files (Serialized files now loaded: 0)
System memory in use before: 260.7 MB.
System memory in use after: 169.1 MB.

Unloading 191 unused Assets to reduce memory usage. Loaded Objects now: 6238.
Total: 15.243800 ms (FindLiveObjects: 3.046200 ms CreateObjectMapping: 1.615700 ms MarkObjects: 10.135500 ms  DeleteObjects: 0.444300 ms)

========================================================================
Received Import Request.
  path: Assets/Materials/tuto/05_shootPad.png
  artifactKey: Guid(f12d0bcfe352c374b939851cf601292c) Importer(815301076,1909f56bfc062723c751e8b465ee728b)
Start importing Assets/Materials/tuto/05_shootPad.png using Guid(f12d0bcfe352c374b939851cf601292c) Importer(815301076,1909f56bfc062723c751e8b465ee728b)  -> (artifact id: 'c61a9c0e7a6375f7a94b6a837451d08b') in 0.150248 seconds 
========================================================================
Received Import Request.
  Time since last request: 0.000285 seconds.
  path: Assets/Materials/tuto/02_directionsKeyboard.png
  artifactKey: Guid(25bbea3fe0548a7419d87e3b6b3596cb) Importer(815301076,1909f56bfc062723c751e8b465ee728b)
Start importing Assets/Materials/tuto/02_directionsKeyboard.png using Guid(25bbea3fe0548a7419d87e3b6b3596cb) Importer(815301076,1909f56bfc062723c751e8b465ee728b)  -> (artifact id: 'c498c505b12dd73a6aaa91b272fe7943') in 0.028428 seconds 
========================================================================
Received Import Request.
  Time since last request: 0.000399 seconds.
  path: Assets/Materials/tuto/06_shootkey.png
  artifactKey: Guid(7a6a422d76b473a47b4048f2675aab9e) Importer(815301076,1909f56bfc062723c751e8b465ee728b)
Start importing Assets/Materials/tuto/06_shootkey.png using Guid(7a6a422d76b473a47b4048f2675aab9e) Importer(815301076,1909f56bfc062723c751e8b465ee728b)  -> (artifact id: '867f17d949e17f281f88862fbc55d318') in 0.017833 seconds 
========================================================================
Received Import Request.
  Time since last request: 0.000241 seconds.
  path: Assets/Materials/tuto/04_lightsKeys.png
  artifactKey: Guid(b135ac3a7ef2c4344bfd63fcc25e6472) Importer(815301076,1909f56bfc062723c751e8b465ee728b)
Start importing Assets/Materials/tuto/04_lightsKeys.png using Guid(b135ac3a7ef2c4344bfd63fcc25e6472) Importer(815301076,1909f56bfc062723c751e8b465ee728b)  -> (artifact id: '053cbea152f8598f01a3b3f816cd8cb7') in 0.016285 seconds 
========================================================================
Received Import Request.
  Time since last request: 0.000224 seconds.
  path: Assets/Materials/tuto/01_directionsStick.png
  artifactKey: Guid(d856763aade49f44db08584edb433e9f) Importer(815301076,1909f56bfc062723c751e8b465ee728b)
Start importing Assets/Materials/tuto/01_directionsStick.png using Guid(d856763aade49f44db08584edb433e9f) Importer(815301076,1909f56bfc062723c751e8b465ee728b)  -> (artifact id: '9402679492af1adb639856e43b161b74') in 0.019625 seconds 
========================================================================
Received Import Request.
  Time since last request: 0.000231 seconds.
  path: Assets/Materials/tuto/03_lightsPad.png
  artifactKey: Guid(90d4a183acd8fd74e8957b3f4cbe1767) Importer(815301076,1909f56bfc062723c751e8b465ee728b)
Start importing Assets/Materials/tuto/03_lightsPad.png using Guid(90d4a183acd8fd74e8957b3f4cbe1767) Importer(815301076,1909f56bfc062723c751e8b465ee728b)  -> (artifact id: 'cf5af40b3e014a3b1e3466fd1520acef') in 0.018294 seconds 
========================================================================
Received Import Request.
  Time since last request: 0.000213 seconds.
  path: Assets/Materials/tuto/arrow.png
  artifactKey: Guid(d56ebf98a92d3314cbf18b4a701b1051) Importer(815301076,1909f56bfc062723c751e8b465ee728b)
Start importing Assets/Materials/tuto/arrow.png using Guid(d56ebf98a92d3314cbf18b4a701b1051) Importer(815301076,1909f56bfc062723c751e8b465ee728b)  -> (artifact id: 'b665f93b44351f127eb7b3cf1890acfd') in 0.025026 seconds 
========================================================================
Received Import Request.
  Time since last request: 0.000212 seconds.
  path: Assets/Materials/tuto/thx.png
  artifactKey: Guid(2e78696a3990fee478f02de157a7276b) Importer(815301076,1909f56bfc062723c751e8b465ee728b)
Start importing Assets/Materials/tuto/thx.png using Guid(2e78696a3990fee478f02de157a7276b) Importer(815301076,1909f56bfc062723c751e8b465ee728b)  -> (artifact id: 'fac61670b0a3b5165ab713c33b177eab') in 0.040584 seconds 
========================================================================
Received Prepare
Shader 'Universal Render Pipeline/Particles/Lit': fallback shader 'Universal Render Pipeline/Particles/SimpleLit' not found
Refreshing native plugins compatible for Editor in 5.05 ms, found 2 plugins.
Preloading 0 native plugins for Editor in 0.00 ms.
Unloading 20 Unused Serialized files (Serialized files now loaded: 0)
System memory in use before: 134.0 MB.
System memory in use after: 134.3 MB.

Unloading 20 unused Assets to reduce memory usage. Loaded Objects now: 6254.
Total: 5.289800 ms (FindLiveObjects: 0.628100 ms CreateObjectMapping: 0.609100 ms MarkObjects: 3.867900 ms  DeleteObjects: 0.182800 ms)

========================================================================
Received Prepare
Shader 'Universal Render Pipeline/Particles/Lit': fallback shader 'Universal Render Pipeline/Particles/SimpleLit' not found
Refreshing native plugins compatible for Editor in 4.86 ms, found 2 plugins.
Preloading 0 native plugins for Editor in 0.00 ms.
Unloading 20 Unused Serialized files (Serialized files now loaded: 0)
System memory in use before: 134.0 MB.
System memory in use after: 134.3 MB.

Unloading 20 unused Assets to reduce memory usage. Loaded Objects now: 6254.
Total: 6.987300 ms (FindLiveObjects: 0.903600 ms CreateObjectMapping: 0.728500 ms MarkObjects: 5.140200 ms  DeleteObjects: 0.211000 ms)

AssetImportWorkerClient::OnTransportError - code=2 error=End of file
